[0;32m[22:08:53][0m Démarrage WiFiCyberTools v1.0
[0;32m[22:09:08][0m Test de la connexion SSH...
[0;32m[SUCCESS][0m ✅ Connexion SSH avec clé: RÉUSSIE
[0;32m[22:09:12][0m Hostname Pwnagotchi: pwnagotchi
[0;32m[22:09:14][0m Handshakes disponibles: 267
[0;32m[22:09:39][0m Vérification complète des fichiers PCAP...
[0;31m[ERROR][0m Répertoire captures non trouvé: /home/rapatt/labcyber/WiFiCyberTools/data/captures
[0;32m[22:09:42][0m Démarrage WiFiCyberTools v1.0
[0;31m[ERROR][0m Module pwnagotchi_sync non trouvé: /home/rapatt/labcyber/WiFiCyberTools/modules/pwnagotchi_sync.sh
[0;32m[22:12:28][0m Démarrage WiFiCyberTools v1.0
[0;32m[22:12:53][0m Synchronisation incrémentale...
[0;32m[22:13:02][0m 267 nouveau(x)/modifié(s) fichier(s) détecté(s)
[0;32m[SUCCESS][0m Synchronisation incrémentale terminée:
[0;32m[22:31:25][0m Démarrage WiFiCyberTools v1.0
[0;32m[22:31:44][0m Statistiques de synchronisation...
[0;32m[08:17:53][0m Démarrage WiFiCyberTools v1.0
[1;33m[WARN][0m Option invalide
[0;32m[08:18:09][0m Vérification rapide de l'intégrité...
[0;32m[SUCCESS][0m Tous les fichiers semblent intègres
[0;31m[ERROR][0m Module results_viewer non trouvé: /home/rapatt/labcyber/WiFiCyberTools/modules/results_viewer.sh
[0;32m[08:20:48][0m Démarrage WiFiCyberTools v1.0
[1;33m[WARN][0m Aucun résultat trouvé
[0;32m[SUCCESS][0m Au revoir!
[0;32m[08:44:17][0m Démarrage WiFiCyberTools v1.0
[0;32m[08:44:54][0m Synchronisation des fichiers des derniers 2 jours...
[0;32m[08:45:01][0m 125 fichier(s) des derniers 2 jours trouvé(s)
[0;32m[08:45:01][0m Synchronisation de 125 fichier(s)...
[0;32m[SUCCESS][0m Synchronisation terminée:
[0;32m[08:51:18][0m Vérification rapide de l'intégrité...
[0;32m[SUCCESS][0m Tous les fichiers semblent intègres
[0;32m[08:51:25][0m Vérification de la structure des paquets...
[0;32m[08:51:33][0m Analyse des métadonnées...
[0;32m[08:51:57][0m Validation complète des handshakes...
[0;32m[08:51:57][0m Analyse de 125 fichier(s)...
[0;32m[SUCCESS][0m Validation terminée:
[0;32m[08:53:11][0m Conversion vers format 22000...
[0;32m[SUCCESS][0m Conversion terminée:
[0;32m[08:53:45][0m Conversion vers format 22000...
[0;32m[SUCCESS][0m Conversion terminée:
[0;32m[08:53:49][0m Validation complète des handshakes...
[0;32m[08:53:49][0m Analyse de 125 fichier(s)...
[1;33m[WARN][0m Interruption détectée, nettoyage en cours...
[0;32m[22:06:38][0m Démarrage WiFiCyberTools v1.0
[0;32m[22:06:59][0m Conversion vers format 22000 des fichiers PCAP dans /home/rapatt/labcyber/WiFiCyberTools/data/captures...
[0;32m[22:07:04][0m Analyse de la qualité des handshakes...
[0;31m[ERROR][0m Module wordlist_manager non trouvé: /home/rapatt/labcyber/WiFiCyberTools/modules/wordlist_manager.sh
[0;32m[22:07:48][0m Démarrage WiFiCyberTools v1.0
[0;32m[22:08:13][0m Sélection du fichier hash pour l'attaque automatique...
[0;32m[22:08:28][0m Fichier sélectionné: GalaxyF13646A_763feaab934b
[0;32m[22:08:28][0m Lancement attaque automatique: auto_GalaxyF13646A_763feaab934b_20250820_220828
[1;33m[WARN][0m Aucune wordlist trouvée, génération d'une wordlist de base...
[0;32m[22:08:28][0m Création d'une wordlist de base...
[0;32m[22:08:33][0m Démarrage WiFiCyberTools v1.0
[0;31m[ERROR][0m Module wordlist_manager non trouvé: /home/rapatt/labcyber/WiFiCyberTools/modules/wordlist_manager.sh
[0;32m[22:13:02][0m Démarrage WiFiCyberTools v1.0
[0;32m[22:13:10][0m Téléchargement des wordlists populaires...
[0;31m[ERROR][0m Échec téléchargement: rockyou.txt
[0;31m[ERROR][0m Échec téléchargement: wifi-wpa.txt
[0;31m[ERROR][0m Échec téléchargement: probable-v2.txt
[0;31m[ERROR][0m Échec téléchargement: darkweb2017.txt
[0;32m[SUCCESS][0m Wordlist personnalisée créée: /home/rapatt/labcyber/WiFiCyberTools/data/wordlists/aa.txt
[0;32m[22:16:22][0m Démarrage attaque par masque: ?u?l?l?l?l?l?d?d
[0;32m[22:16:22][0m Calcul des combinaisons possibles...
[0;32m[22:16:22][0m Exécution: hashcat -a 3 -m 22000 -w 3 --status --status-timer 60 --hwmon-temp-abort 85 --session mask_OnePlus115G_d664538a93dc_20250820_221622 --outfile /home/rapatt/labcyber/WiFiCyberTools/data/results/OnePlus115G_d664538a93dc_mask_221622.txt --outfile-format 2 --force /home/rapatt/labcyber/WiFiCyberTools/data/converted/OnePlus115G_d664538a93dc.hc22000 ?u?l?l?l?l?l?d?d
[1;33m[WARN][0m ATTENTION: Les attaques par masque peuvent être très longues!
[1;33m[WARN][0m Interruption détectée, nettoyage en cours...
