hashcat (v7.1.0-17-g56ea65590) starting - session [mask_OnePlus115G_d664538a93dc_20250820_221622]

You have enabled --force to bypass dangerous warnings and errors!
This can hide serious problems and should only be done when debugging.
Do not report hashcat issues encountered when using --force.

Initializing bridges. Please be patient...Initialized bridgesInitializing backend runtimes. Please be patient...cuInit(): no CUDA-capable device is detected

Initialized backend runtimesInitializing backend devices. Please be patient...Initialized backend devicesOpenCL API (OpenCL 3.0 ) - Platform #1 [Intel(R) Corporation]
=============================================================
* Device #01: Intel(R) Graphics [0x9bc4], 3244/6488 MB (512 MB allocatable), 8MCU

OpenCL API (OpenCL 3.0 PoCL 3.1+debian  Linux, None+Asserts, RELOC, SPIR, LLVM 15.0.6, SLEEF, DISTRO, POCL_DEBUG) - Platform #4 [The pocl project]
==================================================================================================================================================
* Device #02: pthread-haswell-Intel(R) Core(TM) i5-10300H CPU @ 2.50GHz, skipped

Minimum password length supported by kernel: 8
Maximum password length supported by kernel: 63
Minimum salt length supported by kernel: 0
Maximum salt length supported by kernel: 256

Counting lines in /home/rapatt/labcyber/WiFiCyberTools/data/converted/OnePlus115G_d664538a93dc.hc22000. Please be patient...Counted lines in /home/rapatt/labcyber/WiFiCyberTools/data/converted/OnePlus115G_d664538a93dc.hc22000Parsed Hashes: 1/1 (100.00%)Parsed Hashes: 1/1 (100.00%)Sorting hashes. Please be patient...Sorted hashesRemoving duplicate hashes. Please be patient...Removed duplicate hashesSorting salts. Please be patient...Sorted saltsComparing hashes with potfile entries. Please be patient...Compared hashes with potfile entriesGenerating bitmap tables...Generated bitmap tablesHashes: 1 digests; 1 unique digests, 1 unique salts
Bitmaps: 16 bits, 65536 entries, 0x0000ffff mask, 262144 bytes, 5/13 rotates

Optimizers applied:
* Zero-Byte
* Single-Hash
* Single-Salt
* Brute-Force
* Slow-Hash-SIMD-LOOP

Watchdog: Temperature abort trigger set to 85c

Initializing bridge salts. Please be patient...Initialized bridge saltsInitializing device kernels and memory. Please be patient...Initializing backend runtime for device #1. Please be patient...Initialized backend runtime for device #1Host memory allocated for this attack: 650 MB (6229 MB free)

Initialized device kernels and memoryStarting self-test. Please be patient...Finished self-testStarting autotune. Please be patient...Finished autotune                                                          [s]tatus [p]ause [b]ypass [c]heckpoint [f]inish [q]uit => 

Session..........: mask_OnePlus115G_d664538a93dc_20250820_221622
Status...........: Running
Hash.Mode........: 22000 (WPA-PBKDF2-PMKID+EAPOL)
Hash.Target......: /home/rapatt/labcyber/WiFiCyberTools/data/converted/OnePlus115G_d664538a93dc.hc22000
Time.Started.....: Wed Aug 20 22:17:08 2025, (43 secs)
Time.Estimated...: Fri Oct 24 17:07:42 2025, (64 days, 18 hours)
Kernel.Feature...: Pure Kernel (password length 8-63 bytes)
Guess.Mask.......: ?u?l?l?l?l?l?d?d [8]
Guess.Queue......: 1/1 (100.00%)
Speed.#01........:     5519 H/s (90.69ms) @ Accel:4 Loops:256 Thr:256 Vec:1
Recovered........: 0/1 (0.00%) Digests (total), 0/1 (0.00%) Digests (new)
Progress.........: 229376/30891577600 (0.00%)
Rejected.........: 0/229376 (0.00%)
Restore.Point....: 8192/1188137600 (0.00%)
Restore.Sub.#01..: Salt:0 Amplifier:2-3 Iteration:3584-3840
Candidate.Engine.: Device Generator
Candidates.#01...: Beazan12 -> Bitxan12
Hardware.Mon.#01.: N/A

[s]tatus [p]ause [b]ypass [c]heckpoint [f]inish [q]uit => 

Session..........: mask_OnePlus115G_d664538a93dc_20250820_221622
Status...........: Running
Hash.Mode........: 22000 (WPA-PBKDF2-PMKID+EAPOL)
Hash.Target......: /home/rapatt/labcyber/WiFiCyberTools/data/converted/OnePlus115G_d664538a93dc.hc22000
Time.Started.....: Wed Aug 20 22:17:08 2025, (56 secs)
Time.Estimated...: Fri Oct 24 11:31:01 2025, (64 days, 13 hours)
Kernel.Feature...: Pure Kernel (password length 8-63 bytes)
Guess.Mask.......: ?u?l?l?l?l?l?d?d [8]
Guess.Queue......: 1/1 (100.00%)
Speed.#01........:     5539 H/s (89.36ms) @ Accel:4 Loops:256 Thr:256 Vec:1
Recovered........: 0/1 (0.00%) Digests (total), 0/1 (0.00%) Digests (new)
Progress.........: 303104/30891577600 (0.00%)
Rejected.........: 0/303104 (0.00%)
Restore.Point....: 8192/1188137600 (0.00%)
Restore.Sub.#01..: Salt:0 Amplifier:11-12 Iteration:2560-2816
Candidate.Engine.: Device Generator
Candidates.#01...: Keazan12 -> Kitxan12
Hardware.Mon.#01.: N/A

[s]tatus [p]ause [b]ypass [c]heckpoint [f]inish [q]uit => 

Session..........: mask_OnePlus115G_d664538a93dc_20250820_221622
Status...........: Running
Hash.Mode........: 22000 (WPA-PBKDF2-PMKID+EAPOL)
Hash.Target......: /home/rapatt/labcyber/WiFiCyberTools/data/converted/OnePlus115G_d664538a93dc.hc22000
Time.Started.....: Wed Aug 20 22:17:08 2025, (1 min, 56 secs)
Time.Estimated...: Fri Oct 24 01:57:17 2025, (64 days, 3 hours)
Kernel.Feature...: Pure Kernel (password length 8-63 bytes)
Guess.Mask.......: ?u?l?l?l?l?l?d?d [8]
Guess.Queue......: 1/1 (100.00%)
Speed.#01........:     5573 H/s (89.61ms) @ Accel:4 Loops:256 Thr:256 Vec:1
Recovered........: 0/1 (0.00%) Digests (total), 0/1 (0.00%) Digests (new)
Progress.........: 638976/30891577600 (0.00%)
Rejected.........: 0/638976 (0.00%)
Restore.Point....: 24576/1188137600 (0.00%)
Restore.Sub.#01..: Salt:0 Amplifier:0-1 Iteration:2816-3072
Candidate.Engine.: Device Generator
Candidates.#01...: Mlvber12 -> Mhbgan12
Hardware.Mon.#01.: N/A

[s]tatus [p]ause [b]ypass [c]heckpoint [f]inish [q]uit => 

Session..........: mask_OnePlus115G_d664538a93dc_20250820_221622
Status...........: Running
Hash.Mode........: 22000 (WPA-PBKDF2-PMKID+EAPOL)
Hash.Target......: /home/rapatt/labcyber/WiFiCyberTools/data/converted/OnePlus115G_d664538a93dc.hc22000
Time.Started.....: Wed Aug 20 22:17:08 2025, (2 mins, 56 secs)
Time.Estimated...: Thu Oct 23 22:21:58 2025, (64 days, 0 hours)
Kernel.Feature...: Pure Kernel (password length 8-63 bytes)
Guess.Mask.......: ?u?l?l?l?l?l?d?d [8]
Guess.Queue......: 1/1 (100.00%)
Speed.#01........:     5586 H/s (89.91ms) @ Accel:4 Loops:256 Thr:256 Vec:1
Recovered........: 0/1 (0.00%) Digests (total), 0/1 (0.00%) Digests (new)
Progress.........: 974848/30891577600 (0.00%)
Rejected.........: 0/974848 (0.00%)
Restore.Point....: 32768/1188137600 (0.00%)
Restore.Sub.#01..: Salt:0 Amplifier:15-16 Iteration:2816-3072
Candidate.Engine.: Device Generator
Candidates.#01...: Fnfvie12 -> Fmlvan12
Hardware.Mon.#01.: N/A

[s]tatus [p]ause [b]ypass [c]heckpoint [f]inish [q]uit => 

Session..........: mask_OnePlus115G_d664538a93dc_20250820_221622
Status...........: Running
Hash.Mode........: 22000 (WPA-PBKDF2-PMKID+EAPOL)
Hash.Target......: /home/rapatt/labcyber/WiFiCyberTools/data/converted/OnePlus115G_d664538a93dc.hc22000
Time.Started.....: Wed Aug 20 22:17:08 2025, (2 mins, 56 secs)
Time.Estimated...: Thu Oct 23 22:21:58 2025, (64 days, 0 hours)
Kernel.Feature...: Pure Kernel (password length 8-63 bytes)
Guess.Mask.......: ?u?l?l?l?l?l?d?d [8]
Guess.Queue......: 1/1 (100.00%)
Speed.#01........:     5586 H/s (89.95ms) @ Accel:4 Loops:256 Thr:256 Vec:1
Recovered........: 0/1 (0.00%) Digests (total), 0/1 (0.00%) Digests (new)
Progress.........: 974848/30891577600 (0.00%)
Rejected.........: 0/974848 (0.00%)
Restore.Point....: 32768/1188137600 (0.00%)
Restore.Sub.#01..: Salt:0 Amplifier:15-16 Iteration:3328-3584
Candidate.Engine.: Device Generator
Candidates.#01...: Fnfvie12 -> Fmlvan12
Hardware.Mon.#01.: N/A

[s]tatus [p]ause [b]ypass [c]heckpoint [f]inish [q]uit => 

Session..........: mask_OnePlus115G_d664538a93dc_20250820_221622
Status...........: Running
Hash.Mode........: 22000 (WPA-PBKDF2-PMKID+EAPOL)
Hash.Target......: /home/rapatt/labcyber/WiFiCyberTools/data/converted/OnePlus115G_d664538a93dc.hc22000
Time.Started.....: Wed Aug 20 22:17:08 2025, (2 mins, 56 secs)
Time.Estimated...: Thu Oct 23 22:21:58 2025, (64 days, 0 hours)
Kernel.Feature...: Pure Kernel (password length 8-63 bytes)
Guess.Mask.......: ?u?l?l?l?l?l?d?d [8]
Guess.Queue......: 1/1 (100.00%)
Speed.#01........:     5586 H/s (89.96ms) @ Accel:4 Loops:256 Thr:256 Vec:1
Recovered........: 0/1 (0.00%) Digests (total), 0/1 (0.00%) Digests (new)
Progress.........: 974848/30891577600 (0.00%)
Rejected.........: 0/974848 (0.00%)
Restore.Point....: 32768/1188137600 (0.00%)
Restore.Sub.#01..: Salt:0 Amplifier:15-16 Iteration:3840-4095
Candidate.Engine.: Device Generator
Candidates.#01...: Fnfvie12 -> Fmlvan12
Hardware.Mon.#01.: N/A

[s]tatus [p]ause [b]ypass [c]heckpoint [f]inish [q]uit => 